<?xml version="1.0" encoding="UTF-8"?>
<!-- Generated by org.testng.reporters.JUnitReportReporter -->
<testsuite hostname="AnchaS-L" name="Scenarios.VerifyErrorMessages" tests="1" failures="0" timestamp="6 May 2020 18:04:30 GMT" time="22.256" errors="0">
  <testcase name="VerifyErrorMessagesForMandatoryFields" time="22.256" classname="Scenarios.VerifyErrorMessages"/>
</testsuite> <!-- Scenarios.VerifyErrorMessages -->
