<?xml version="1.0" encoding="UTF-8"?>
<!-- Generated by org.testng.reporters.JUnitReportReporter -->
<testsuite hostname="AnchaS-L" name="Scenarios.CreateAnAccount" tests="1" failures="0" timestamp="6 May 2020 18:04:30 GMT" time="23.067" errors="0">
  <testcase name="CreateAnAccount" time="23.067" classname="Scenarios.CreateAnAccount"/>
</testsuite> <!-- Scenarios.CreateAnAccount -->
