<?xml version="1.0" encoding="UTF-8"?>
<!-- Generated by org.testng.reporters.JUnitReportReporter -->
<testsuite hostname="AnchaS-L" name="Scenarios.VerifyTheFieldsInLoginPage" tests="1" failures="0" timestamp="6 May 2020 17:20:19 GMT" time="25.461" errors="0">
  <testcase name="NavigateTOUrl" time="25.461" classname="Scenarios.VerifyTheFieldsInLoginPage"/>
</testsuite> <!-- Scenarios.VerifyTheFieldsInLoginPage -->
